# JRE version: OpenJDK Runtime Environment (23.0.1+11) (build 23.0.1+11-39)
# Java VM: OpenJDK 64-Bit Server VM (23.0.1+11-39, mixed mode, emulated-client, sharing, tiered, compressed oops, compressed class ptrs, g1 gc, bsd-amd64)
GC Precious Log:
 CardTable entry size: 512
 Card Set container configuration: InlinePtr #cards 4 size 8 Array Of Cards #cards 16 size 48 Howl #buckets 8 coarsen threshold 3686 Howl Bitmap #cards 512 size 80 coarsen threshold 460 Card regions per heap region 1 cards per card region 4096
 CPUs: 8 total, 8 available
 Memory: 16384M
 Large Page Support: Disabled
 NUMA Support: Disabled
 Compressed Oops: Enabled (Zero based)
 Heap Region Size: 2M
 Heap Min Capacity: 8M
 Heap Initial Capacity: 256M
 Heap Max Capacity: 4G
 Pre-touch: Disabled
 Parallel Workers: 8
 Concurrent Workers: 2
 Concurrent Refinement Workers: 8
 Periodic GC: Disabled
Heap:
 garbage-first heap   total reserved 4194304K, committed 75776K, used 47429K [0x0000000700000000, 0x0000000800000000)
  region size 2048K, 10 young (20480K), 2 survivors (4096K)
 Metaspace       used 64796K, committed 65600K, reserved 1114112K
  class space    used 9585K, committed 9920K, reserved 1048576K
GC Heap History (20 events):
Event: 2.293 GC heap before
{Heap before GC invocations=4 (full 0):
 garbage-first heap   total reserved 4194304K, committed 55296K, used 40661K [0x0000000700000000, 0x0000000800000000)
  region size 2048K, 16 young (32768K), 3 survivors (6144K)
 Metaspace       used 23419K, committed 23744K, reserved 1114112K
  class space    used 3192K, committed 3328K, reserved 1048576K
}
Event: 2.298 GC heap after
{Heap after GC invocations=5 (full 0):
 garbage-first heap   total reserved 4194304K, committed 55296K, used 15939K [0x0000000700000000, 0x0000000800000000)
  region size 2048K, 2 young (4096K), 2 survivors (4096K)
 Metaspace       used 23419K, committed 23744K, reserved 1114112K
  class space    used 3192K, committed 3328K, reserved 1048576K
}
Event: 2.570 GC heap before
{Heap before GC invocations=5 (full 0):
 garbage-first heap   total reserved 4194304K, committed 55296K, used 36419K [0x0000000700000000, 0x0000000800000000)
  region size 2048K, 12 young (24576K), 2 survivors (4096K)
 Metaspace       used 26309K, committed 26816K, reserved 1114112K
  class space    used 3643K, committed 3840K, reserved 1048576K
}
Event: 2.579 GC heap after
{Heap after GC invocations=6 (full 0):
 garbage-first heap   total reserved 4194304K, committed 55296K, used 18080K [0x0000000700000000, 0x0000000800000000)
  region size 2048K, 1 young (2048K), 1 survivors (2048K)
 Metaspace       used 26309K, committed 26816K, reserved 1114112K
  class space    used 3643K, committed 3840K, reserved 1048576K
}
Event: 2.905 GC heap before
{Heap before GC invocations=6 (full 0):
 garbage-first heap   total reserved 4194304K, committed 55296K, used 40608K [0x0000000700000000, 0x0000000800000000)
  region size 2048K, 12 young (24576K), 1 survivors (2048K)
 Metaspace       used 29762K, committed 30336K, reserved 1114112K
  class space    used 4161K, committed 4416K, reserved 1048576K
}
Event: 2.910 GC heap after
{Heap after GC invocations=7 (full 0):
 garbage-first heap   total reserved 4194304K, committed 55296K, used 20268K [0x0000000700000000, 0x0000000800000000)
  region size 2048K, 2 young (4096K), 2 survivors (4096K)
 Metaspace       used 29762K, committed 30336K, reserved 1114112K
  class space    used 4161K, committed 4416K, reserved 1048576K
}
Event: 3.202 GC heap before
{Heap before GC invocations=7 (full 0):
 garbage-first heap   total reserved 4194304K, committed 55296K, used 40748K [0x0000000700000000, 0x0000000800000000)
  region size 2048K, 13 young (26624K), 2 survivors (4096K)
 Metaspace       used 34021K, committed 34560K, reserved 1114112K
  class space    used 4761K, committed 4992K, reserved 1048576K
}
Event: 3.206 GC heap after
{Heap after GC invocations=8 (full 0):
 garbage-first heap   total reserved 4194304K, committed 55296K, used 21893K [0x0000000700000000, 0x0000000800000000)
  region size 2048K, 1 young (2048K), 1 survivors (2048K)
 Metaspace       used 34021K, committed 34560K, reserved 1114112K
  class space    used 4761K, committed 4992K, reserved 1048576K
}
Event: 3.271 GC heap before
{Heap before GC invocations=8 (full 0):
 garbage-first heap   total reserved 4194304K, committed 55296K, used 25989K [0x0000000700000000, 0x0000000800000000)
  region size 2048K, 4 young (8192K), 1 survivors (2048K)
 Metaspace       used 35406K, committed 35968K, reserved 1114112K
  class space    used 4998K, committed 5248K, reserved 1048576K
}
Event: 3.273 GC heap after
{Heap after GC invocations=9 (full 0):
 garbage-first heap   total reserved 4194304K, committed 159744K, used 21842K [0x0000000700000000, 0x0000000800000000)
  region size 2048K, 1 young (2048K), 1 survivors (2048K)
 Metaspace       used 35406K, committed 35968K, reserved 1114112K
  class space    used 4998K, committed 5248K, reserved 1048576K
}
Event: 3.883 GC heap before
{Heap before GC invocations=10 (full 0):
 garbage-first heap   total reserved 4194304K, committed 75776K, used 64850K [0x0000000700000000, 0x0000000800000000)
  region size 2048K, 22 young (45056K), 1 survivors (2048K)
 Metaspace       used 45869K, committed 46464K, reserved 1114112K
  class space    used 6527K, committed 6784K, reserved 1048576K
}
Event: 3.886 GC heap after
{Heap after GC invocations=11 (full 0):
 garbage-first heap   total reserved 4194304K, committed 75776K, used 24316K [0x0000000700000000, 0x0000000800000000)
  region size 2048K, 3 young (6144K), 3 survivors (6144K)
 Metaspace       used 45869K, committed 46464K, reserved 1114112K
  class space    used 6527K, committed 6784K, reserved 1048576K
}
Event: 4.368 GC heap before
{Heap before GC invocations=11 (full 0):
 garbage-first heap   total reserved 4194304K, committed 75776K, used 61180K [0x0000000700000000, 0x0000000800000000)
  region size 2048K, 21 young (43008K), 3 survivors (6144K)
 Metaspace       used 54899K, committed 55552K, reserved 1114112K
  class space    used 7978K, committed 8256K, reserved 1048576K
}
Event: 4.374 GC heap after
{Heap after GC invocations=12 (full 0):
 garbage-first heap   total reserved 4194304K, committed 75776K, used 26467K [0x0000000700000000, 0x0000000800000000)
  region size 2048K, 3 young (6144K), 3 survivors (6144K)
 Metaspace       used 54899K, committed 55552K, reserved 1114112K
  class space    used 7978K, committed 8256K, reserved 1048576K
}
Event: 4.792 GC heap before
{Heap before GC invocations=12 (full 0):
 garbage-first heap   total reserved 4194304K, committed 75776K, used 61283K [0x0000000700000000, 0x0000000800000000)
  region size 2048K, 20 young (40960K), 3 survivors (6144K)
 Metaspace       used 59454K, committed 60160K, reserved 1114112K
  class space    used 8720K, committed 9024K, reserved 1048576K
}
Event: 4.797 GC heap after
{Heap after GC invocations=13 (full 0):
 garbage-first heap   total reserved 4194304K, committed 75776K, used 30118K [0x0000000700000000, 0x0000000800000000)
  region size 2048K, 3 young (6144K), 3 survivors (6144K)
 Metaspace       used 59454K, committed 60160K, reserved 1114112K
  class space    used 8720K, committed 9024K, reserved 1048576K
}
Event: 4.835 GC heap before
{Heap before GC invocations=13 (full 0):
 garbage-first heap   total reserved 4194304K, committed 75776K, used 32166K [0x0000000700000000, 0x0000000800000000)
  region size 2048K, 5 young (10240K), 3 survivors (6144K)
 Metaspace       used 60052K, committed 60736K, reserved 1114112K
  class space    used 8810K, committed 9088K, reserved 1048576K
}
Event: 4.839 GC heap after
{Heap after GC invocations=14 (full 0):
 garbage-first heap   total reserved 4194304K, committed 75776K, used 30660K [0x0000000700000000, 0x0000000800000000)
  region size 2048K, 1 young (2048K), 1 survivors (2048K)
 Metaspace       used 60052K, committed 60736K, reserved 1114112K
  class space    used 8810K, committed 9088K, reserved 1048576K
}
Event: 478.093 GC heap before
{Heap before GC invocations=15 (full 0):
 garbage-first heap   total reserved 4194304K, committed 75776K, used 65476K [0x0000000700000000, 0x0000000800000000)
  region size 2048K, 18 young (36864K), 1 survivors (2048K)
 Metaspace       used 63232K, committed 64128K, reserved 1114112K
  class space    used 9337K, committed 9728K, reserved 1048576K
}
Event: 478.100 GC heap after
{Heap after GC invocations=16 (full 0):
 garbage-first heap   total reserved 4194304K, committed 75776K, used 33093K [0x0000000700000000, 0x0000000800000000)
  region size 2048K, 2 young (4096K), 2 survivors (4096K)
 Metaspace       used 63232K, committed 64128K, reserved 1114112K
  class space    used 9337K, committed 9728K, reserved 1048576K
}

